<?xml version="1.0" encoding="UTF-8"?>
<testsuite name="Test"
           tests="5"
           failures="0"
           errors="0"
           skipped="0"
           time="20.010">
  <properties />
  
  
            <testcase name="test4" time="5.000" classname="ftnt.qa.autotest.ui.fortisiem.testcases.Credentials" />
                <testcase name="test5" time="5.004" classname="ftnt.qa.autotest.ui.fortisiem.testcases.Credentials" />
                <testcase name="test2" time="3.002" classname="ftnt.qa.autotest.ui.fortisiem.testcases.Credentials" />
                <testcase name="test3" time="2.002" classname="ftnt.qa.autotest.ui.fortisiem.testcases.Credentials" />
                <testcase name="test1" time="5.002" classname="ftnt.qa.autotest.ui.fortisiem.testcases.Credentials" />
      
</testsuite>
