<?xml version="1.0" encoding="UTF-8"?>
<!-- Generated by org.testng.reporters.JUnitXMLReporter -->
<testsuite hostname="WL" ignored="2" name="Test" tests="10" failures="1" timestamp="20 四月 2018 02:32:03 GMT" time="72.989" errors="0">
  <testcase name="function2" time="0.012" classname="ftnt.qa.autotest.ui.fortisiem.testcases.User">
    <skipped/>
  </testcase> <!-- function2 -->
  <testcase name="function2" time="0.003" classname="ftnt.qa.autotest.ui.fortisiem.testcases.User">
    <skipped/>
  </testcase> <!-- function2 -->
  <testcase name="function2" time="0.003" classname="ftnt.qa.autotest.ui.fortisiem.testcases.User">
    <skipped/>
  </testcase> <!-- function2 -->
  <testcase name="function2" time="0.001" classname="ftnt.qa.autotest.ui.fortisiem.testcases.User">
    <failure type="java.lang.AssertionError" message="expected [true] but found [false]">
      <![CDATA[java.lang.AssertionError: expected [true] but found [false]
at ftnt.qa.autotest.ui.fortisiem.testcases.User.function2(User.java:20)
... Removed 29 stack frames]]>
    </failure>
  </testcase> <!-- function2 -->
  <testcase name="function1" time="5.785" classname="ftnt.qa.autotest.ui.fortisiem.testcases.Organization"/>
  <testcase name="test1" time="5.004" classname="ftnt.qa.autotest.ui.fortisiem.testcases.Credentials"/>
  <testcase name="test2" time="3.002" classname="ftnt.qa.autotest.ui.fortisiem.testcases.Credentials"/>
  <testcase name="test3" time="2.001" classname="ftnt.qa.autotest.ui.fortisiem.testcases.Credentials"/>
  <testcase name="test4" time="5.001" classname="ftnt.qa.autotest.ui.fortisiem.testcases.Credentials"/>
  <testcase name="test5" time="5.002" classname="ftnt.qa.autotest.ui.fortisiem.testcases.Credentials"/>
  <testcase name="@BeforeSuite initTest" time="0.0" classname="ftnt.qa.autotest.ui.framework.testbase.TestBase">
    <ignored/>
  </testcase> <!-- @BeforeSuite initTest -->
  <testcase name="@AfterSuite terminTestSuite" time="0.0" classname="ftnt.qa.autotest.ui.framework.testbase.TestBase">
    <ignored/>
  </testcase> <!-- @AfterSuite terminTestSuite -->
</testsuite> <!-- Test -->
