-------------------------------------------------------------------------------
Test set: TestSuite
-------------------------------------------------------------------------------
Tests run: 5, Failures: 1, Errors: 0, Skipped: 3, Time elapsed: 50.872 s <<< FAILURE! - in TestSuite
function2(ftnt.qa.autotest.ui.fortisiem.pageobject.testBase)  Time elapsed: 2.062 s  <<< FAILURE!
java.lang.AssertionError: expected [true] but found [false]
	at ftnt.qa.autotest.ui.fortisiem.pageobject.testBase.function2(testBase.java:37)

