<?xml version="1.0" encoding="UTF-8"?>
<testsuite xmlns:xsi="http://www.w3.org/2001/XMLSchema-instance" xsi:noNamespaceSchemaLocation="https://maven.apache.org/surefire/maven-surefire-plugin/xsd/surefire-test-report.xsd" name="TestSuite" time="52.354" tests="5" errors="0" skipped="3" failures="1">
  <properties>
[...]
</properties>
  <testcase name="function2" classname="ftnt.qa.autotest.ui.fortisiem.pageobject.testBase" time="0">
    <skipped message="expected [true] but found [false]"/>
    <system-out><![CDATA[[TestNGContentHandler] [WARN] It is strongly recommended to add "<!DOCTYPE suite SYSTEM "http://testng.org/testng-1.0.dtd" >" at the top of your file, otherwise TestNG may fail or not work as expected.
[TestNG] [WARN] Ignoring duplicate listener : ftnt.qa.autotest.ui.framework.testng.listener.TestNGListener
[TestNG] [WARN] Ignoring duplicate listener : ftnt.qa.autotest.ui.framework.testng.listener.TestNGListener
[TestNG] [WARN] AnnotationTransformer already set
2018-04-10 18:29:17 ftnt.qa.autotest.ui.testbase.TestBase-INFO : #####开始执行测试用例#####
2018-04-10 18:29:17 ftnt.qa.autotest.ui.testbase.TestBase-INFO : ############################################################
2018-04-10 18:29:17 ftnt.qa.autotest.ui.testbase.TestBase-INFO : #####BeforeClass:开始执行测试类:ftnt.qa.autotest.ui.fortisiem.pageobject.testBase 执行开始
2018-04-10 18:29:17 ftnt.qa.autotest.ui.testbase.TestBase-INFO : #####
2018-04-10 18:29:17 ftnt.qa.autotest.ui.testbase.TestBase-INFO : #####测试开始时间：Tue Apr 10 18:29:17 CST 2018
2018-04-10 18:29:20 ftnt.qa.autotest.ui.testbase.TestBase-INFO : #####BeforeMethod:娴嬭瘯鐢ㄤ緥杩愯鐨勬祻瑙堝櫒绫诲瀷锛歠tnt.qa.autotest.ui.framework.webdriverfactory.ChromeBrowserDriver
2018-04-10 18:29:20 ftnt.qa.autotest.ui.testbase.TestBase-INFO : #####BeforeMethod:娴嬭瘯缃戝潃 https://10.30.2.171/phoenix/login-html.jsf
2018-04-10 18:29:23 ftnt.qa.autotest.ui.framework.testng.listener.RetryToRunCase-INFO : 方法<function2>执行失败，重试第1次
]]></system-out>
    <system-err><![CDATA[Starting ChromeDriver 2.35.528161 (5b82f2d2aae0ca24b877009200ced9065a772e73) on port 42472
Only local connections are allowed.
四月 10, 2018 6:29:20 下午 org.openqa.selenium.remote.ProtocolHandshake createSession
INFO: Detected dialect: OSS
]]></system-err>
  </testcase>
  <testcase name="function2" classname="ftnt.qa.autotest.ui.fortisiem.pageobject.testBase" time="0">
    <skipped message="expected [true] but found [false]"/>
    <system-out><![CDATA[2018-04-10 18:29:23 ftnt.qa.autotest.ui.testbase.TestBase-INFO : =====娴嬭瘯鐢ㄤ緥: function2 杩愯澶辫触锛屽師鍥狅細 expected [true] but found [false]=====
2018-04-10 18:29:23 ftnt.qa.autotest.ui.testbase.TestBase-INFO : 鍫嗘爤淇℃伅:
2018-04-10 18:29:23 ftnt.qa.autotest.ui.testbase.TestBase-INFO : org.testng.Assert.fail(Assert.java:96)
2018-04-10 18:29:23 ftnt.qa.autotest.ui.testbase.TestBase-INFO : org.testng.Assert.failNotEquals(Assert.java:776)
2018-04-10 18:29:23 ftnt.qa.autotest.ui.testbase.TestBase-INFO : org.testng.Assert.assertTrue(Assert.java:44)
2018-04-10 18:29:23 ftnt.qa.autotest.ui.testbase.TestBase-INFO : org.testng.Assert.assertTrue(Assert.java:54)
2018-04-10 18:29:23 ftnt.qa.autotest.ui.testbase.TestBase-INFO : ftnt.qa.autotest.ui.fortisiem.pageobject.testBase.function2(testBase.java:37)
2018-04-10 18:29:23 ftnt.qa.autotest.ui.testbase.TestBase-INFO : sun.reflect.NativeMethodAccessorImpl.invoke0(Native Method)
2018-04-10 18:29:23 ftnt.qa.autotest.ui.testbase.TestBase-INFO : sun.reflect.NativeMethodAccessorImpl.invoke(NativeMethodAccessorImpl.java:62)
2018-04-10 18:29:23 ftnt.qa.autotest.ui.testbase.TestBase-INFO : sun.reflect.DelegatingMethodAccessorImpl.invoke(DelegatingMethodAccessorImpl.java:43)
2018-04-10 18:29:23 ftnt.qa.autotest.ui.testbase.TestBase-INFO : java.lang.reflect.Method.invoke(Method.java:498)
2018-04-10 18:29:23 ftnt.qa.autotest.ui.testbase.TestBase-INFO : org.testng.internal.MethodInvocationHelper.invokeMethod(MethodInvocationHelper.java:124)
2018-04-10 18:29:23 ftnt.qa.autotest.ui.testbase.TestBase-INFO : org.testng.internal.Invoker.invokeMethod(Invoker.java:580)
2018-04-10 18:29:23 ftnt.qa.autotest.ui.testbase.TestBase-INFO : org.testng.internal.Invoker.invokeTestMethod(Invoker.java:716)
2018-04-10 18:29:23 ftnt.qa.autotest.ui.testbase.TestBase-INFO : org.testng.internal.Invoker.invokeTestMethods(Invoker.java:988)
2018-04-10 18:29:23 ftnt.qa.autotest.ui.testbase.TestBase-INFO : org.testng.internal.TestMethodWorker.invokeTestMethods(TestMethodWorker.java:125)
2018-04-10 18:29:23 ftnt.qa.autotest.ui.testbase.TestBase-INFO : org.testng.internal.TestMethodWorker.run(TestMethodWorker.java:109)
2018-04-10 18:29:23 ftnt.qa.autotest.ui.testbase.TestBase-INFO : org.testng.TestRunner.privateRun(TestRunner.java:648)
2018-04-10 18:29:23 ftnt.qa.autotest.ui.testbase.TestBase-INFO : org.testng.TestRunner.run(TestRunner.java:505)
2018-04-10 18:29:23 ftnt.qa.autotest.ui.testbase.TestBase-INFO : org.testng.SuiteRunner.runTest(SuiteRunner.java:455)
2018-04-10 18:29:23 ftnt.qa.autotest.ui.testbase.TestBase-INFO : org.testng.SuiteRunner.runSequentially(SuiteRunner.java:450)
2018-04-10 18:29:23 ftnt.qa.autotest.ui.testbase.TestBase-INFO : org.testng.SuiteRunner.privateRun(SuiteRunner.java:415)
2018-04-10 18:29:23 ftnt.qa.autotest.ui.testbase.TestBase-INFO : org.testng.SuiteRunner.run(SuiteRunner.java:364)
2018-04-10 18:29:23 ftnt.qa.autotest.ui.testbase.TestBase-INFO : org.testng.SuiteRunnerWorker.runSuite(SuiteRunnerWorker.java:52)
2018-04-10 18:29:23 ftnt.qa.autotest.ui.testbase.TestBase-INFO : org.testng.SuiteRunnerWorker.run(SuiteRunnerWorker.java:84)
2018-04-10 18:29:23 ftnt.qa.autotest.ui.testbase.TestBase-INFO : org.testng.TestNG.runSuitesSequentially(TestNG.java:1208)
2018-04-10 18:29:23 ftnt.qa.autotest.ui.testbase.TestBase-INFO : org.testng.TestNG.runSuitesLocally(TestNG.java:1137)
2018-04-10 18:29:23 ftnt.qa.autotest.ui.testbase.TestBase-INFO : org.testng.TestNG.runSuites(TestNG.java:1049)
2018-04-10 18:29:23 ftnt.qa.autotest.ui.testbase.TestBase-INFO : org.testng.TestNG.run(TestNG.java:1017)
2018-04-10 18:29:23 ftnt.qa.autotest.ui.testbase.TestBase-INFO : org.apache.maven.surefire.testng.TestNGExecutor.run(TestNGExecutor.java:283)
2018-04-10 18:29:23 ftnt.qa.autotest.ui.testbase.TestBase-INFO : org.apache.maven.surefire.testng.TestNGXmlTestSuite.execute(TestNGXmlTestSuite.java:75)
2018-04-10 18:29:23 ftnt.qa.autotest.ui.testbase.TestBase-INFO : org.apache.maven.surefire.testng.TestNGProvider.invoke(TestNGProvider.java:120)
2018-04-10 18:29:23 ftnt.qa.autotest.ui.testbase.TestBase-INFO : org.apache.maven.surefire.booter.ForkedBooter.invokeProviderInSameClassLoader(ForkedBooter.java:379)
2018-04-10 18:29:23 ftnt.qa.autotest.ui.testbase.TestBase-INFO : org.apache.maven.surefire.booter.ForkedBooter.runSuitesInProcess(ForkedBooter.java:340)
2018-04-10 18:29:23 ftnt.qa.autotest.ui.testbase.TestBase-INFO : org.apache.maven.surefire.booter.ForkedBooter.execute(ForkedBooter.java:125)
2018-04-10 18:29:23 ftnt.qa.autotest.ui.testbase.TestBase-INFO : org.apache.maven.surefire.booter.ForkedBooter.main(ForkedBooter.java:413)
2018-04-10 18:29:24 ftnt.qa.autotest.ui.framework.utils.ExcuteBatCommand-INFO : #####清理浏览器进程成功#####
2018-04-10 18:29:24 ftnt.qa.autotest.ui.testbase.TestBase-INFO : #####AfterMethod:清理浏览器进程完毕
2018-04-10 18:29:28 ftnt.qa.autotest.ui.testbase.TestBase-INFO : #####BeforeMethod:娴嬭瘯鐢ㄤ緥杩愯鐨勬祻瑙堝櫒绫诲瀷锛歠tnt.qa.autotest.ui.framework.webdriverfactory.ChromeBrowserDriver
2018-04-10 18:29:28 ftnt.qa.autotest.ui.testbase.TestBase-INFO : #####BeforeMethod:娴嬭瘯缃戝潃 https://10.30.2.171/phoenix/login-html.jsf
2018-04-10 18:29:30 ftnt.qa.autotest.ui.framework.testng.listener.RetryToRunCase-INFO : 方法<function2>执行失败，重试第2次
]]></system-out>
    <system-err><![CDATA[Starting ChromeDriver 2.35.528161 (5b82f2d2aae0ca24b877009200ced9065a772e73) on port 34666
Only local connections are allowed.
四月 10, 2018 6:29:28 下午 org.openqa.selenium.remote.ProtocolHandshake createSession
INFO: Detected dialect: OSS
]]></system-err>
  </testcase>
  <testcase name="function2" classname="ftnt.qa.autotest.ui.fortisiem.pageobject.testBase" time="0">
    <skipped message="expected [true] but found [false]"/>
    <system-out><![CDATA[2018-04-10 18:29:30 ftnt.qa.autotest.ui.testbase.TestBase-INFO : =====娴嬭瘯鐢ㄤ緥: function2 杩愯澶辫触锛屽師鍥狅細 expected [true] but found [false]=====
2018-04-10 18:29:30 ftnt.qa.autotest.ui.testbase.TestBase-INFO : 鍫嗘爤淇℃伅:
2018-04-10 18:29:30 ftnt.qa.autotest.ui.testbase.TestBase-INFO : org.testng.Assert.fail(Assert.java:96)
2018-04-10 18:29:30 ftnt.qa.autotest.ui.testbase.TestBase-INFO : org.testng.Assert.failNotEquals(Assert.java:776)
2018-04-10 18:29:30 ftnt.qa.autotest.ui.testbase.TestBase-INFO : org.testng.Assert.assertTrue(Assert.java:44)
2018-04-10 18:29:30 ftnt.qa.autotest.ui.testbase.TestBase-INFO : org.testng.Assert.assertTrue(Assert.java:54)
2018-04-10 18:29:30 ftnt.qa.autotest.ui.testbase.TestBase-INFO : ftnt.qa.autotest.ui.fortisiem.pageobject.testBase.function2(testBase.java:37)
2018-04-10 18:29:30 ftnt.qa.autotest.ui.testbase.TestBase-INFO : sun.reflect.NativeMethodAccessorImpl.invoke0(Native Method)
2018-04-10 18:29:30 ftnt.qa.autotest.ui.testbase.TestBase-INFO : sun.reflect.NativeMethodAccessorImpl.invoke(NativeMethodAccessorImpl.java:62)
2018-04-10 18:29:30 ftnt.qa.autotest.ui.testbase.TestBase-INFO : sun.reflect.DelegatingMethodAccessorImpl.invoke(DelegatingMethodAccessorImpl.java:43)
2018-04-10 18:29:30 ftnt.qa.autotest.ui.testbase.TestBase-INFO : java.lang.reflect.Method.invoke(Method.java:498)
2018-04-10 18:29:30 ftnt.qa.autotest.ui.testbase.TestBase-INFO : org.testng.internal.MethodInvocationHelper.invokeMethod(MethodInvocationHelper.java:124)
2018-04-10 18:29:30 ftnt.qa.autotest.ui.testbase.TestBase-INFO : org.testng.internal.Invoker.invokeMethod(Invoker.java:580)
2018-04-10 18:29:30 ftnt.qa.autotest.ui.testbase.TestBase-INFO : org.testng.internal.Invoker.retryFailed(Invoker.java:838)
2018-04-10 18:29:30 ftnt.qa.autotest.ui.testbase.TestBase-INFO : org.testng.internal.Invoker.invokeTestMethods(Invoker.java:1009)
2018-04-10 18:29:30 ftnt.qa.autotest.ui.testbase.TestBase-INFO : org.testng.internal.TestMethodWorker.invokeTestMethods(TestMethodWorker.java:125)
2018-04-10 18:29:30 ftnt.qa.autotest.ui.testbase.TestBase-INFO : org.testng.internal.TestMethodWorker.run(TestMethodWorker.java:109)
2018-04-10 18:29:30 ftnt.qa.autotest.ui.testbase.TestBase-INFO : org.testng.TestRunner.privateRun(TestRunner.java:648)
2018-04-10 18:29:30 ftnt.qa.autotest.ui.testbase.TestBase-INFO : org.testng.TestRunner.run(TestRunner.java:505)
2018-04-10 18:29:30 ftnt.qa.autotest.ui.testbase.TestBase-INFO : org.testng.SuiteRunner.runTest(SuiteRunner.java:455)
2018-04-10 18:29:30 ftnt.qa.autotest.ui.testbase.TestBase-INFO : org.testng.SuiteRunner.runSequentially(SuiteRunner.java:450)
2018-04-10 18:29:30 ftnt.qa.autotest.ui.testbase.TestBase-INFO : org.testng.SuiteRunner.privateRun(SuiteRunner.java:415)
2018-04-10 18:29:30 ftnt.qa.autotest.ui.testbase.TestBase-INFO : org.testng.SuiteRunner.run(SuiteRunner.java:364)
2018-04-10 18:29:30 ftnt.qa.autotest.ui.testbase.TestBase-INFO : org.testng.SuiteRunnerWorker.runSuite(SuiteRunnerWorker.java:52)
2018-04-10 18:29:30 ftnt.qa.autotest.ui.testbase.TestBase-INFO : org.testng.SuiteRunnerWorker.run(SuiteRunnerWorker.java:84)
2018-04-10 18:29:30 ftnt.qa.autotest.ui.testbase.TestBase-INFO : org.testng.TestNG.runSuitesSequentially(TestNG.java:1208)
2018-04-10 18:29:30 ftnt.qa.autotest.ui.testbase.TestBase-INFO : org.testng.TestNG.runSuitesLocally(TestNG.java:1137)
2018-04-10 18:29:30 ftnt.qa.autotest.ui.testbase.TestBase-INFO : org.testng.TestNG.runSuites(TestNG.java:1049)
2018-04-10 18:29:30 ftnt.qa.autotest.ui.testbase.TestBase-INFO : org.testng.TestNG.run(TestNG.java:1017)
2018-04-10 18:29:30 ftnt.qa.autotest.ui.testbase.TestBase-INFO : org.apache.maven.surefire.testng.TestNGExecutor.run(TestNGExecutor.java:283)
2018-04-10 18:29:30 ftnt.qa.autotest.ui.testbase.TestBase-INFO : org.apache.maven.surefire.testng.TestNGXmlTestSuite.execute(TestNGXmlTestSuite.java:75)
2018-04-10 18:29:30 ftnt.qa.autotest.ui.testbase.TestBase-INFO : org.apache.maven.surefire.testng.TestNGProvider.invoke(TestNGProvider.java:120)
2018-04-10 18:29:30 ftnt.qa.autotest.ui.testbase.TestBase-INFO : org.apache.maven.surefire.booter.ForkedBooter.invokeProviderInSameClassLoader(ForkedBooter.java:379)
2018-04-10 18:29:30 ftnt.qa.autotest.ui.testbase.TestBase-INFO : org.apache.maven.surefire.booter.ForkedBooter.runSuitesInProcess(ForkedBooter.java:340)
2018-04-10 18:29:30 ftnt.qa.autotest.ui.testbase.TestBase-INFO : org.apache.maven.surefire.booter.ForkedBooter.execute(ForkedBooter.java:125)
2018-04-10 18:29:30 ftnt.qa.autotest.ui.testbase.TestBase-INFO : org.apache.maven.surefire.booter.ForkedBooter.main(ForkedBooter.java:413)
2018-04-10 18:29:33 ftnt.qa.autotest.ui.framework.utils.ExcuteBatCommand-INFO : #####清理浏览器进程成功#####
2018-04-10 18:29:33 ftnt.qa.autotest.ui.testbase.TestBase-INFO : #####AfterMethod:清理浏览器进程完毕
2018-04-10 18:29:37 ftnt.qa.autotest.ui.testbase.TestBase-INFO : #####BeforeMethod:娴嬭瘯鐢ㄤ緥杩愯鐨勬祻瑙堝櫒绫诲瀷锛歠tnt.qa.autotest.ui.framework.webdriverfactory.ChromeBrowserDriver
2018-04-10 18:29:37 ftnt.qa.autotest.ui.testbase.TestBase-INFO : #####BeforeMethod:娴嬭瘯缃戝潃 https://10.30.2.171/phoenix/login-html.jsf
2018-04-10 18:29:39 ftnt.qa.autotest.ui.framework.testng.listener.RetryToRunCase-INFO : 方法<function2>执行失败，重试第3次
]]></system-out>
    <system-err><![CDATA[Starting ChromeDriver 2.35.528161 (5b82f2d2aae0ca24b877009200ced9065a772e73) on port 13150
Only local connections are allowed.
四月 10, 2018 6:29:37 下午 org.openqa.selenium.remote.ProtocolHandshake createSession
INFO: Detected dialect: OSS
]]></system-err>
  </testcase>
  <testcase name="function2" classname="ftnt.qa.autotest.ui.fortisiem.pageobject.testBase" time="1.863">
    <failure message="expected [true] but found [false]" type="java.lang.AssertionError">java.lang.AssertionError: expected [true] but found [false]
	at ftnt.qa.autotest.ui.fortisiem.pageobject.testBase.function2(testBase.java:37)
</failure>
    <system-out><![CDATA[2018-04-10 18:29:39 ftnt.qa.autotest.ui.testbase.TestBase-INFO : =====娴嬭瘯鐢ㄤ緥: function2 杩愯澶辫触锛屽師鍥狅細 expected [true] but found [false]=====
2018-04-10 18:29:39 ftnt.qa.autotest.ui.testbase.TestBase-INFO : 鍫嗘爤淇℃伅:
2018-04-10 18:29:39 ftnt.qa.autotest.ui.testbase.TestBase-INFO : org.testng.Assert.fail(Assert.java:96)
2018-04-10 18:29:39 ftnt.qa.autotest.ui.testbase.TestBase-INFO : org.testng.Assert.failNotEquals(Assert.java:776)
2018-04-10 18:29:39 ftnt.qa.autotest.ui.testbase.TestBase-INFO : org.testng.Assert.assertTrue(Assert.java:44)
2018-04-10 18:29:39 ftnt.qa.autotest.ui.testbase.TestBase-INFO : org.testng.Assert.assertTrue(Assert.java:54)
2018-04-10 18:29:39 ftnt.qa.autotest.ui.testbase.TestBase-INFO : ftnt.qa.autotest.ui.fortisiem.pageobject.testBase.function2(testBase.java:37)
2018-04-10 18:29:39 ftnt.qa.autotest.ui.testbase.TestBase-INFO : sun.reflect.NativeMethodAccessorImpl.invoke0(Native Method)
2018-04-10 18:29:39 ftnt.qa.autotest.ui.testbase.TestBase-INFO : sun.reflect.NativeMethodAccessorImpl.invoke(NativeMethodAccessorImpl.java:62)
2018-04-10 18:29:39 ftnt.qa.autotest.ui.testbase.TestBase-INFO : sun.reflect.DelegatingMethodAccessorImpl.invoke(DelegatingMethodAccessorImpl.java:43)
2018-04-10 18:29:39 ftnt.qa.autotest.ui.testbase.TestBase-INFO : java.lang.reflect.Method.invoke(Method.java:498)
2018-04-10 18:29:39 ftnt.qa.autotest.ui.testbase.TestBase-INFO : org.testng.internal.MethodInvocationHelper.invokeMethod(MethodInvocationHelper.java:124)
2018-04-10 18:29:39 ftnt.qa.autotest.ui.testbase.TestBase-INFO : org.testng.internal.Invoker.invokeMethod(Invoker.java:580)
2018-04-10 18:29:39 ftnt.qa.autotest.ui.testbase.TestBase-INFO : org.testng.internal.Invoker.retryFailed(Invoker.java:838)
2018-04-10 18:29:39 ftnt.qa.autotest.ui.testbase.TestBase-INFO : org.testng.internal.Invoker.invokeTestMethods(Invoker.java:1009)
2018-04-10 18:29:39 ftnt.qa.autotest.ui.testbase.TestBase-INFO : org.testng.internal.TestMethodWorker.invokeTestMethods(TestMethodWorker.java:125)
2018-04-10 18:29:39 ftnt.qa.autotest.ui.testbase.TestBase-INFO : org.testng.internal.TestMethodWorker.run(TestMethodWorker.java:109)
2018-04-10 18:29:39 ftnt.qa.autotest.ui.testbase.TestBase-INFO : org.testng.TestRunner.privateRun(TestRunner.java:648)
2018-04-10 18:29:39 ftnt.qa.autotest.ui.testbase.TestBase-INFO : org.testng.TestRunner.run(TestRunner.java:505)
2018-04-10 18:29:39 ftnt.qa.autotest.ui.testbase.TestBase-INFO : org.testng.SuiteRunner.runTest(SuiteRunner.java:455)
2018-04-10 18:29:39 ftnt.qa.autotest.ui.testbase.TestBase-INFO : org.testng.SuiteRunner.runSequentially(SuiteRunner.java:450)
2018-04-10 18:29:39 ftnt.qa.autotest.ui.testbase.TestBase-INFO : org.testng.SuiteRunner.privateRun(SuiteRunner.java:415)
2018-04-10 18:29:39 ftnt.qa.autotest.ui.testbase.TestBase-INFO : org.testng.SuiteRunner.run(SuiteRunner.java:364)
2018-04-10 18:29:39 ftnt.qa.autotest.ui.testbase.TestBase-INFO : org.testng.SuiteRunnerWorker.runSuite(SuiteRunnerWorker.java:52)
2018-04-10 18:29:39 ftnt.qa.autotest.ui.testbase.TestBase-INFO : org.testng.SuiteRunnerWorker.run(SuiteRunnerWorker.java:84)
2018-04-10 18:29:39 ftnt.qa.autotest.ui.testbase.TestBase-INFO : org.testng.TestNG.runSuitesSequentially(TestNG.java:1208)
2018-04-10 18:29:39 ftnt.qa.autotest.ui.testbase.TestBase-INFO : org.testng.TestNG.runSuitesLocally(TestNG.java:1137)
2018-04-10 18:29:39 ftnt.qa.autotest.ui.testbase.TestBase-INFO : org.testng.TestNG.runSuites(TestNG.java:1049)
2018-04-10 18:29:39 ftnt.qa.autotest.ui.testbase.TestBase-INFO : org.testng.TestNG.run(TestNG.java:1017)
2018-04-10 18:29:39 ftnt.qa.autotest.ui.testbase.TestBase-INFO : org.apache.maven.surefire.testng.TestNGExecutor.run(TestNGExecutor.java:283)
2018-04-10 18:29:39 ftnt.qa.autotest.ui.testbase.TestBase-INFO : org.apache.maven.surefire.testng.TestNGXmlTestSuite.execute(TestNGXmlTestSuite.java:75)
2018-04-10 18:29:39 ftnt.qa.autotest.ui.testbase.TestBase-INFO : org.apache.maven.surefire.testng.TestNGProvider.invoke(TestNGProvider.java:120)
2018-04-10 18:29:39 ftnt.qa.autotest.ui.testbase.TestBase-INFO : org.apache.maven.surefire.booter.ForkedBooter.invokeProviderInSameClassLoader(ForkedBooter.java:379)
2018-04-10 18:29:39 ftnt.qa.autotest.ui.testbase.TestBase-INFO : org.apache.maven.surefire.booter.ForkedBooter.runSuitesInProcess(ForkedBooter.java:340)
2018-04-10 18:29:39 ftnt.qa.autotest.ui.testbase.TestBase-INFO : org.apache.maven.surefire.booter.ForkedBooter.execute(ForkedBooter.java:125)
2018-04-10 18:29:39 ftnt.qa.autotest.ui.testbase.TestBase-INFO : org.apache.maven.surefire.booter.ForkedBooter.main(ForkedBooter.java:413)
2018-04-10 18:29:40 ftnt.qa.autotest.ui.framework.utils.ExcuteBatCommand-INFO : #####清理浏览器进程成功#####
2018-04-10 18:29:40 ftnt.qa.autotest.ui.testbase.TestBase-INFO : #####AfterMethod:清理浏览器进程完毕
2018-04-10 18:29:44 ftnt.qa.autotest.ui.testbase.TestBase-INFO : #####BeforeMethod:娴嬭瘯鐢ㄤ緥杩愯鐨勬祻瑙堝櫒绫诲瀷锛歠tnt.qa.autotest.ui.framework.webdriverfactory.ChromeBrowserDriver
2018-04-10 18:29:44 ftnt.qa.autotest.ui.testbase.TestBase-INFO : #####BeforeMethod:娴嬭瘯缃戝潃 https://10.30.2.171/phoenix/login-html.jsf
]]></system-out>
    <system-err><![CDATA[Starting ChromeDriver 2.35.528161 (5b82f2d2aae0ca24b877009200ced9065a772e73) on port 31581
Only local connections are allowed.
四月 10, 2018 6:29:44 下午 org.openqa.selenium.remote.ProtocolHandshake createSession
INFO: Detected dialect: OSS
]]></system-err>
  </testcase>
  <testcase name="function1" classname="ftnt.qa.autotest.ui.fortisiem.pageobject.testBase2" time="4.673"/>
</testsuite>